<?xml version="1.0" encoding="UTF-8"?>
<!-- Generated by org.testng.reporters.JUnitReportReporter -->
<testsuite hostname="QAD03PALEGA001" name="org.rm.automation.admin.tests.locations.createBasicLocation" tests="1" failures="0" timestamp="11 Sep 2015 16:17:11 GMT" time="17.628" errors="0">
  <testcase name="testCreateBasicLocation" time="17.628" classname="org.rm.automation.admin.tests.locations.createBasicLocation"/>
</testsuite> <!-- org.rm.automation.admin.tests.locations.createBasicLocation -->
