<?xml version="1.0" encoding="UTF-8"?>
<!-- Generated by org.testng.reporters.JUnitReportReporter -->
<testsuite hostname="QAD03PALEGA001" name="org.rm.automation.admin.tests.locations.createBasicLocation" tests="1" failures="0" timestamp="18 Sep 2015 20:09:02 GMT" time="27.790" errors="0">
  <testcase name="testCreateBasicLocation" time="27.790" classname="org.rm.automation.admin.tests.locations.createBasicLocation"/>
</testsuite> <!-- org.rm.automation.admin.tests.locations.createBasicLocation -->
