<?xml version="1.0" encoding="UTF-8"?>
<!-- Generated by org.testng.reporters.JUnitReportReporter -->
<testsuite hostname="QAD03PALEGA001" name="org.rm.automation.admin.tests.locations.createAssociatedLocation" tests="1" failures="0" timestamp="11 Sep 2015 16:17:11 GMT" time="11.796" errors="0">
  <testcase name="testCreateAssociatedLocation" time="11.796" classname="org.rm.automation.admin.tests.locations.createAssociatedLocation"/>
</testsuite> <!-- org.rm.automation.admin.tests.locations.createAssociatedLocation -->
