<?xml version="1.0" encoding="UTF-8"?>
<!-- Generated by org.testng.reporters.JUnitReportReporter -->
<testsuite hostname="QAD03PMANVA001" name="org.rm.automation.admin.tests.locations.createBasicLocation" tests="1" failures="0" timestamp="13 Sep 2015 23:03:52 GMT" time="11.733" errors="0">
  <testcase name="testCreateBasicLocation" time="11.733" classname="org.rm.automation.admin.tests.locations.createBasicLocation"/>
</testsuite> <!-- org.rm.automation.admin.tests.locations.createBasicLocation -->
