<?xml version="1.0" encoding="UTF-8"?>
<!-- Generated by org.testng.reporters.JUnitReportReporter -->
<testsuite hostname="LUFER-PC" name="org.rm.automation.admin.tests.conferenceRooms.VerifyRoomCapacityUpdate" tests="1" failures="0" timestamp="19 Sep 2015 20:02:28 GMT" time="4.244" errors="0">
  <testcase name="verifyRoomCapacityUpdate" time="4.244" classname="org.rm.automation.admin.tests.conferenceRooms.VerifyRoomCapacityUpdate"/>
</testsuite> <!-- org.rm.automation.admin.tests.conferenceRooms.VerifyRoomCapacityUpdate -->
