<?xml version="1.0" encoding="UTF-8"?>
<!-- Generated by org.testng.reporters.JUnitReportReporter -->
<testsuite hostname="LUFER-PC" name="org.rm.automation.admin.tests.login.DisplayLogon" tests="1" failures="0" timestamp="19 Sep 2015 20:02:28 GMT" time="3.399" errors="0">
  <testcase name="logonIsDisplayed" time="3.399" classname="org.rm.automation.admin.tests.login.DisplayLogon"/>
</testsuite> <!-- org.rm.automation.admin.tests.login.DisplayLogon -->
