<?xml version="1.0" encoding="UTF-8"?>
<!-- Generated by org.testng.reporters.JUnitReportReporter -->
<testsuite hostname="LUFER-PC" name="org.rm.automation.admin.tests.conferenceRooms.VerifyRoomColumnBtn" tests="1" failures="0" timestamp="13 Sep 2015 00:46:33 GMT" time="6.273" errors="0">
  <testcase name="verifyRoomColumnBtn" time="6.273" classname="org.rm.automation.admin.tests.conferenceRooms.VerifyRoomColumnBtn"/>
</testsuite> <!-- org.rm.automation.admin.tests.conferenceRooms.VerifyRoomColumnBtn -->
