<?xml version="1.0" encoding="UTF-8"?>
<!-- Generated by org.testng.reporters.JUnitReportReporter -->
<testsuite hostname="QAD03PALEGA001" name="org.rm.automation.admin.tests.conferenceRooms.VerifyRoomName" tests="1" failures="0" timestamp="13 Sep 2015 21:00:26 GMT" time="4.202" errors="0">
  <testcase name="verifyRoomColumnBtn" time="4.202" classname="org.rm.automation.admin.tests.conferenceRooms.VerifyRoomName"/>
</testsuite> <!-- org.rm.automation.admin.tests.conferenceRooms.VerifyRoomName -->
