<?xml version="1.0" encoding="UTF-8"?>
<!-- Generated by org.testng.reporters.JUnitReportReporter -->
<testsuite hostname="LUFER-PC" name="org.rm.automation.admin.tests.conferenceRooms.VerifyRoomNameUpdate" tests="1" failures="0" timestamp="19 Sep 2015 20:02:28 GMT" time="12.562" errors="0">
  <testcase name="verifyRoomNameUpdate" time="12.562" classname="org.rm.automation.admin.tests.conferenceRooms.VerifyRoomNameUpdate"/>
</testsuite> <!-- org.rm.automation.admin.tests.conferenceRooms.VerifyRoomNameUpdate -->
