<?xml version="1.0" encoding="UTF-8"?>
<!-- Generated by org.testng.reporters.JUnitReportReporter -->
<testsuite hostname="QAD03PALEGA001" name="org.rm.automation.admin.tests.resources.CreateResource" tests="1" failures="0" timestamp="13 Sep 2015 21:00:26 GMT" time="24.027" errors="0">
  <testcase name="testCreateResource" time="24.027" classname="org.rm.automation.admin.tests.resources.CreateResource"/>
</testsuite> <!-- org.rm.automation.admin.tests.resources.CreateResource -->
