<?xml version="1.0" encoding="UTF-8"?>
<!-- Generated by org.testng.reporters.JUnitReportReporter -->
<testsuite hostname="QAD03PFERCA001" name="org.rm.automation.admin.tests.resources.CreateResourceAllFields" tests="1" failures="0" timestamp="29 Sep 2015 16:15:29 GMT" time="14.625" errors="0">
  <testcase name="testCreateResourceAllFields" time="14.625" classname="org.rm.automation.admin.tests.resources.CreateResourceAllFields"/>
</testsuite> <!-- org.rm.automation.admin.tests.resources.CreateResourceAllFields -->
