<?xml version="1.0" encoding="UTF-8"?>
<!-- Generated by org.testng.reporters.JUnitReportReporter -->
<testsuite hostname="LUFER-PC" name="org.rm.automation.admin.tests.resources.CreateResource" tests="1" failures="0" timestamp="19 Sep 2015 20:02:28 GMT" time="6.926" errors="0">
  <testcase name="testCreateResource" time="6.926" classname="org.rm.automation.admin.tests.resources.CreateResource"/>
</testsuite> <!-- org.rm.automation.admin.tests.resources.CreateResource -->
