<?xml version="1.0" encoding="UTF-8"?>
<!-- Generated by org.testng.reporters.JUnitReportReporter -->
<testsuite hostname="LUFER-PC" name="org.rm.automation.admin.tests.resources.UpdateDescription" tests="1" failures="0" timestamp="19 Sep 2015 20:02:28 GMT" time="5.156" errors="0">
  <testcase name="testUpdateDescription" time="5.156" classname="org.rm.automation.admin.tests.resources.UpdateDescription"/>
</testsuite> <!-- org.rm.automation.admin.tests.resources.UpdateDescription -->
