<?xml version="1.0" encoding="UTF-8"?>
<!-- Generated by org.testng.reporters.JUnitReportReporter -->
<testsuite hostname="QAD03PALEGA001" name="org.rm.automation.admin.tests.conferenceRooms.VerifyRoomColumnBtn" tests="1" failures="0" timestamp="13 Sep 2015 21:00:26 GMT" time="4.778" errors="0">
  <testcase name="verifyRoomColumnBtn" time="4.778" classname="org.rm.automation.admin.tests.conferenceRooms.VerifyRoomColumnBtn"/>
</testsuite> <!-- org.rm.automation.admin.tests.conferenceRooms.VerifyRoomColumnBtn -->
