<?xml version="1.0" encoding="UTF-8"?>
<!-- Generated by org.testng.reporters.JUnitReportReporter -->
<testsuite hostname="QAD03PALEGA001" name="org.rm.automation.admin.tests.locations.createAssociatedLocation" tests="1" failures="0" timestamp="13 Sep 2015 21:00:26 GMT" time="16.224" errors="0">
  <testcase name="testCreateAssociatedLocation" time="16.224" classname="org.rm.automation.admin.tests.locations.createAssociatedLocation"/>
</testsuite> <!-- org.rm.automation.admin.tests.locations.createAssociatedLocation -->
