<?xml version="1.0" encoding="UTF-8"?>
<!-- Generated by org.testng.reporters.JUnitReportReporter -->
<testsuite hostname="LUFER-PC" name="org.rm.automation.admin.tests.locations.createBasicLocation" tests="1" failures="0" timestamp="19 Sep 2015 20:02:28 GMT" time="5.442" errors="0">
  <testcase name="testCreateBasicLocation" time="5.442" classname="org.rm.automation.admin.tests.locations.createBasicLocation"/>
</testsuite> <!-- org.rm.automation.admin.tests.locations.createBasicLocation -->
