<?xml version="1.0" encoding="UTF-8"?>
<!-- Generated by org.testng.reporters.JUnitReportReporter -->
<testsuite hostname="LUFER-PC" name="org.rm.automation.admin.tests.emailServices.AddServer" tests="1" failures="0" timestamp="19 Sep 2015 20:02:28 GMT" time="12.554" errors="0">
  <testcase name="TestAddServer" time="12.554" classname="org.rm.automation.admin.tests.emailServices.AddServer"/>
</testsuite> <!-- org.rm.automation.admin.tests.emailServices.AddServer -->
