<?xml version="1.0" encoding="UTF-8"?>
<!-- Generated by org.testng.reporters.JUnitReportReporter -->
<testsuite hostname="LUFER-PC" name="org.rm.automation.admin.tests.conferenceRooms.VerifyRoomName" tests="1" failures="0" timestamp="19 Sep 2015 20:02:28 GMT" time="3.052" errors="0">
  <testcase name="verifyRoomName" time="3.052" classname="org.rm.automation.admin.tests.conferenceRooms.VerifyRoomName"/>
</testsuite> <!-- org.rm.automation.admin.tests.conferenceRooms.VerifyRoomName -->
