<?xml version="1.0" encoding="UTF-8"?>
<!-- Generated by org.testng.reporters.JUnitReportReporter -->
<testsuite hostname="QAD03PFERCA001" name="org.rm.automation.admin.tests.resources.CreateResource" tests="1" failures="0" timestamp="29 Sep 2015 16:15:29 GMT" time="11.062" errors="0">
  <testcase name="testCreateResource" time="11.062" classname="org.rm.automation.admin.tests.resources.CreateResource"/>
</testsuite> <!-- org.rm.automation.admin.tests.resources.CreateResource -->
