<?xml version="1.0" encoding="UTF-8"?>
<!-- Generated by org.testng.reporters.JUnitReportReporter -->
<testsuite hostname="QAD03PFERCA001" name="org.rm.automation.admin.tests.resources.DeleteResource" tests="1" failures="0" timestamp="29 Sep 2015 16:15:29 GMT" time="12.509" errors="0">
  <testcase name="testDeleteResource" time="12.509" classname="org.rm.automation.admin.tests.resources.DeleteResource"/>
</testsuite> <!-- org.rm.automation.admin.tests.resources.DeleteResource -->
