<?xml version="1.0" encoding="UTF-8"?>
<!-- Generated by org.testng.reporters.JUnitReportReporter -->
<testsuite hostname="LUFER-PC" name="org.rm.automation.admin.tests.conferenceRooms.VerifyEmailroomIsCorrectly" tests="1" failures="0" timestamp="20 Sep 2015 20:37:25 GMT" time="17.666" errors="0">
  <testcase name="testEmail" time="17.666" classname="org.rm.automation.admin.tests.conferenceRooms.VerifyEmailroomIsCorrectly"/>
</testsuite> <!-- org.rm.automation.admin.tests.conferenceRooms.VerifyEmailroomIsCorrectly -->
